<?xml version="1.0" encoding="UTF-8"?>
<testng-results ignored="0" total="1" passed="1" failed="0" skipped="0">
  <reporter-output>
  </reporter-output>
  <suite started-at="2024-03-21T17:59:05 IST" name="Default suite" finished-at="2024-03-21T17:59:06 IST" duration-ms="1308">
    <groups>
    </groups>
    <test started-at="2024-03-21T17:59:05 IST" name="Default test" finished-at="2024-03-21T17:59:06 IST" duration-ms="1308">
      <class name="Reallifeexamples.CheckBox">
        <test-method signature="f()[pri:0, instance:Reallifeexamples.CheckBox@302a07d]" started-at="2024-03-21T17:59:05 IST" name="f" finished-at="2024-03-21T17:59:06 IST" duration-ms="1276" status="PASS">
          <reporter-output>
          </reporter-output>
        </test-method> <!-- f -->
      </class> <!-- Reallifeexamples.CheckBox -->
    </test> <!-- Default test -->
  </suite> <!-- Default suite -->
</testng-results>
